<?xml version="1.0" encoding="UTF-8"?>
<testsuite name="com.tayyab.CalculatorTest" tests="1" skipped="0" failures="0" errors="0" timestamp="2023-08-18T05:57:37" hostname="Muhammads-MacBook-Pro.local" time="0.006">
  <properties/>
  <testcase name="addTwoPositiveIntegers()" classname="com.tayyab.CalculatorTest" time="0.006"/>
  <system-out><![CDATA[]]></system-out>
  <system-err><![CDATA[]]></system-err>
</testsuite>
